<?xml version="1.0" encoding="UTF-8" ?>
<testsuites errors="0"
            failures="1"
            tests="1">

  <testsuite name="Autoplay"
    errors="0" failures="1" hostname="" id="" package="videoplayer" skipped="0"
    tests="1" time="145.4" timestamp="Wed, 14 Jun 2017 13:57:13 GMT">
  
    <testcase name="Autoplay" time="145.4" assertions="6">  <failure message="Timed out while waiting for element &lt;//div[@class=&#39;unimatrix-video-controls&#39;]/div/div[@class=&#39;unimatrix-video-control-bar&#39;]&gt; to be visible for 30000 milliseconds.">    at Object.&lt;anonymous&gt; (D:\dev\nightwatch\node_modules\nightwatch\Bedrocket\videoplayer\Autoplay.js:33:13)
    at HttpRequest.&lt;anonymous&gt; (D:\dev\nightwatch\node_modules\nightwatch\node_modules\nightwatch\lib\index.js:339:20)
    at emitTwo (events.js:106:13)
    at HttpRequest.emit (events.js:191:7)
    at HttpRequest.&lt;anonymous&gt; (D:\dev\nightwatch\node_modules\nightwatch\node_modules\nightwatch\lib\index.js:367:15)
    at emitThree (events.js:116:13)
    at HttpRequest.emit (events.js:194:7)
    at IncomingMessage.&lt;anonymous&gt; (D:\dev\nightwatch\node_modules\nightwatch\node_modules\nightwatch\lib\http\request.js:155:16)
    at emitNone (events.js:91:20)
    at IncomingMessage.emit (events.js:185:7)
    at endReadableNT (_stream_readable.js:974:12)
    at _combinedTickCallback (internal/process/next_tick.js:80:11)
    at process._tickCallback (internal/process/next_tick.js:104:9)</failure>

      <failure message="Failed [fail]: (Autoplay functionality is not working)">Failed [fail]: (Autoplay functionality is not working): Failed [fail]: (Autoplay functionality is not working) - Expected &quot;Current time should be greater then &quot;00:00&quot; &quot; but got: &quot;00:00&quot;
    at Object.fail (D:\dev\nightwatch\node_modules\nightwatch\node_modules\nightwatch\lib\core\api.js:67:24)
    at Object.&lt;anonymous&gt; (D:\dev\nightwatch\node_modules\nightwatch\Bedrocket\videoplayer\Autoplay.js:46:29)
    at Object.&lt;anonymous&gt; (D:\dev\nightwatch\node_modules\nightwatch\node_modules\nightwatch\lib\api\element-commands.js:360:20)
    at HttpRequest.&lt;anonymous&gt; (D:\dev\nightwatch\node_modules\nightwatch\node_modules\nightwatch\lib\index.js:339:20)
    at emitTwo (events.js:106:13)
    at HttpRequest.emit (events.js:191:7)
    at HttpRequest.&lt;anonymous&gt; (D:\dev\nightwatch\node_modules\nightwatch\node_modules\nightwatch\lib\index.js:367:15)
    at emitThree (events.js:116:13)
    at HttpRequest.emit (events.js:194:7)
    at IncomingMessage.&lt;anonymous&gt; (D:\dev\nightwatch\node_modules\nightwatch\node_modules\nightwatch\lib\http\request.js:155:16)
    at emitNone (events.js:91:20)
    at IncomingMessage.emit (events.js:185:7)
    at endReadableNT (_stream_readable.js:974:12)
    at _combinedTickCallback (internal/process/next_tick.js:80:11)
    at process._tickCallback (internal/process/next_tick.js:104:9)</failure>

    

    

      <failure message="Timed out while waiting for element &lt;//div[@class=&#39;unimatrix-video-controls&#39;]/div/div[@class=&#39;unimatrix-video-control-bar&#39;]&gt; to be visible for 30000 milliseconds.">    at Object.&lt;anonymous&gt; (D:\dev\nightwatch\node_modules\nightwatch\Bedrocket\videoplayer\Autoplay.js:33:13)
    at HttpRequest.&lt;anonymous&gt; (D:\dev\nightwatch\node_modules\nightwatch\node_modules\nightwatch\lib\index.js:339:20)
    at emitTwo (events.js:106:13)
    at HttpRequest.emit (events.js:191:7)
    at HttpRequest.&lt;anonymous&gt; (D:\dev\nightwatch\node_modules\nightwatch\node_modules\nightwatch\lib\index.js:367:15)
    at emitThree (events.js:116:13)
    at HttpRequest.emit (events.js:194:7)
    at IncomingMessage.&lt;anonymous&gt; (D:\dev\nightwatch\node_modules\nightwatch\node_modules\nightwatch\lib\http\request.js:155:16)
    at emitNone (events.js:91:20)
    at IncomingMessage.emit (events.js:185:7)
    at endReadableNT (_stream_readable.js:974:12)
    at _combinedTickCallback (internal/process/next_tick.js:80:11)
    at process._tickCallback (internal/process/next_tick.js:104:9)</failure>

      <failure message="Failed [fail]: (Autoplay functionality is not working)">Failed [fail]: (Autoplay functionality is not working): Failed [fail]: (Autoplay functionality is not working) - Expected &quot;Current time should be greater then &quot;00:00&quot; &quot; but got: &quot;00:00&quot;
    at Object.fail (D:\dev\nightwatch\node_modules\nightwatch\node_modules\nightwatch\lib\core\api.js:67:24)
    at Object.&lt;anonymous&gt; (D:\dev\nightwatch\node_modules\nightwatch\Bedrocket\videoplayer\Autoplay.js:46:29)
    at Object.&lt;anonymous&gt; (D:\dev\nightwatch\node_modules\nightwatch\node_modules\nightwatch\lib\api\element-commands.js:360:20)
    at HttpRequest.&lt;anonymous&gt; (D:\dev\nightwatch\node_modules\nightwatch\node_modules\nightwatch\lib\index.js:339:20)
    at emitTwo (events.js:106:13)
    at HttpRequest.emit (events.js:191:7)
    at HttpRequest.&lt;anonymous&gt; (D:\dev\nightwatch\node_modules\nightwatch\node_modules\nightwatch\lib\index.js:367:15)
    at emitThree (events.js:116:13)
    at HttpRequest.emit (events.js:194:7)
    at IncomingMessage.&lt;anonymous&gt; (D:\dev\nightwatch\node_modules\nightwatch\node_modules\nightwatch\lib\http\request.js:155:16)
    at emitNone (events.js:91:20)
    at IncomingMessage.emit (events.js:185:7)
    at endReadableNT (_stream_readable.js:974:12)
    at _combinedTickCallback (internal/process/next_tick.js:80:11)
    at process._tickCallback (internal/process/next_tick.js:104:9)</failure>

    
    </testcase>
      <system-err>
         ERROR: Unable to locate element: &quot;.unimatrix-video-controls-indicator &gt; .unimatrix-video-controls-indicator-icon&quot; using: css selector
 ERROR: Unable to locate element: &quot;.unimatrix-video-control-bar&quot; using: css selector
 ERROR: Unable to locate element: &quot;.unimatrix-video-sharing-button&quot; using: css selector
 ERROR: Unable to locate element: &quot;.unimatrix-video-sharing-video-title&quot; using: css selector
 ERROR: Unable to locate element: &quot;.unimatrix-video-controls-indicator &gt; .unimatrix-video-controls-indicator-icon&quot; using: css selector
 ERROR: Unable to locate element: &quot;.unimatrix-video-control-bar&quot; using: css selector
 ERROR: Unable to locate element: &quot;.unimatrix-video-sharing-button&quot; using: css selector
 ERROR: Unable to locate element: &quot;.unimatrix-video-sharing-video-title&quot; using: css selector
 ERROR: Unable to locate element: &quot;.unimatrix-video-controls-indicator &gt; .unimatrix-video-controls-indicator-icon&quot; using: css selector
 ERROR: Unable to locate element: &quot;.unimatrix-video-control-bar&quot; using: css selector
 ERROR: Unable to locate element: &quot;.unimatrix-video-sharing-button&quot; using: css selector
 ERROR: Unable to locate element: &quot;.unimatrix-video-controls-indicator &gt; .unimatrix-video-controls-indicator-icon&quot; using: css selector
 ERROR: Unable to locate element: &quot;.unimatrix-video-control-bar&quot; using: css selector
 ERROR: Unable to locate element: &quot;.unimatrix-video-sharing-button&quot; using: css selector
 ERROR: Unable to locate element: &quot;.unimatrix-video-sharing-video-title&quot; using: css selector
 ERROR: Unable to locate element: &quot;.unimatrix-video-controls-indicator &gt; .unimatrix-video-controls-indicator-icon&quot; using: css selector
 ERROR: Unable to locate element: &quot;.unimatrix-video-control-bar&quot; using: css selector
 ERROR: Unable to locate element: &quot;.unimatrix-video-sharing-button&quot; using: css selector
      </system-err>
  
  
  </testsuite>
</testsuites>
