<?xml version="1.0" encoding="UTF-8" ?>
<testsuites errors="0"
            failures="1"
            tests="1">

  <testsuite name="Endslate"
    errors="0" failures="1" hostname="" id="" package="videoplayer" skipped="0"
    tests="1" time="128.6" timestamp="Wed, 14 Jun 2017 13:57:13 GMT">
  
    <testcase name="Endslate" time="128.6" assertions="10">

      <failure message="Timed out while waiting for element &lt;.gadgets-endslate-overlay-container&gt; to be present for 5000 milliseconds.">    at Object.&lt;anonymous&gt; (D:\dev\nightwatch\node_modules\nightwatch\Bedrocket\videoplayer\Endslate.js:40:19)
    at Object.&lt;anonymous&gt; (D:\dev\nightwatch\node_modules\nightwatch\node_modules\nightwatch\lib\api\element-commands.js:360:20)
    at HttpRequest.&lt;anonymous&gt; (D:\dev\nightwatch\node_modules\nightwatch\node_modules\nightwatch\lib\index.js:339:20)
    at emitTwo (events.js:106:13)
    at HttpRequest.emit (events.js:191:7)
    at HttpRequest.&lt;anonymous&gt; (D:\dev\nightwatch\node_modules\nightwatch\node_modules\nightwatch\lib\index.js:367:15)
    at emitThree (events.js:116:13)
    at HttpRequest.emit (events.js:194:7)
    at IncomingMessage.&lt;anonymous&gt; (D:\dev\nightwatch\node_modules\nightwatch\node_modules\nightwatch\lib\http\request.js:155:16)
    at emitNone (events.js:91:20)
    at IncomingMessage.emit (events.js:185:7)
    at endReadableNT (_stream_readable.js:974:12)
    at _combinedTickCallback (internal/process/next_tick.js:80:11)
    at process._tickCallback (internal/process/next_tick.js:104:9)</failure>

    
<system-out>[[ATTACHMENT|D:\dev\nightwatch\node_modules\nightwatch\screenshots\videoplayer\Endslate\Endslate_ERROR_Jun-10-2017-171627-GMT+0530-(India-Standard.png]]</system-out>
      <failure message="Timed out while waiting for element &lt;.gadgets-endslate-overlay-container&gt; to be present for 5000 milliseconds.">    at Object.&lt;anonymous&gt; (D:\dev\nightwatch\node_modules\nightwatch\Bedrocket\videoplayer\Endslate.js:40:19)
    at Object.&lt;anonymous&gt; (D:\dev\nightwatch\node_modules\nightwatch\node_modules\nightwatch\lib\api\element-commands.js:360:20)
    at HttpRequest.&lt;anonymous&gt; (D:\dev\nightwatch\node_modules\nightwatch\node_modules\nightwatch\lib\index.js:339:20)
    at emitTwo (events.js:106:13)
    at HttpRequest.emit (events.js:191:7)
    at HttpRequest.&lt;anonymous&gt; (D:\dev\nightwatch\node_modules\nightwatch\node_modules\nightwatch\lib\index.js:367:15)
    at emitThree (events.js:116:13)
    at HttpRequest.emit (events.js:194:7)
    at IncomingMessage.&lt;anonymous&gt; (D:\dev\nightwatch\node_modules\nightwatch\node_modules\nightwatch\lib\http\request.js:155:16)
    at emitNone (events.js:91:20)
    at IncomingMessage.emit (events.js:185:7)
    at endReadableNT (_stream_readable.js:974:12)
    at _combinedTickCallback (internal/process/next_tick.js:80:11)
    at process._tickCallback (internal/process/next_tick.js:104:9)</failure>

    

    

    

    

    

      <failure message="Failed [fail]: (Player doesn&#39;t support endslate option)">Failed [fail]: (Player doesn&#39;t support endslate option): Failed [fail]: (Player doesn&#39;t support endslate option) - Expected &quot;endslate=true&quot; but got: &quot;null&quot;
    at Object.fail (D:\dev\nightwatch\node_modules\nightwatch\node_modules\nightwatch\lib\core\api.js:67:24)
    at Object.&lt;anonymous&gt; (D:\dev\nightwatch\node_modules\nightwatch\Bedrocket\videoplayer\Endslate.js:67:25)
    at HttpRequest.&lt;anonymous&gt; (D:\dev\nightwatch\node_modules\nightwatch\node_modules\nightwatch\lib\index.js:339:20)
    at emitTwo (events.js:106:13)
    at HttpRequest.emit (events.js:191:7)
    at HttpRequest.&lt;anonymous&gt; (D:\dev\nightwatch\node_modules\nightwatch\node_modules\nightwatch\lib\index.js:367:15)
    at emitThree (events.js:116:13)
    at HttpRequest.emit (events.js:194:7)
    at IncomingMessage.&lt;anonymous&gt; (D:\dev\nightwatch\node_modules\nightwatch\node_modules\nightwatch\lib\http\request.js:155:16)
    at emitNone (events.js:91:20)
    at IncomingMessage.emit (events.js:185:7)
    at endReadableNT (_stream_readable.js:974:12)
    at _combinedTickCallback (internal/process/next_tick.js:80:11)
    at process._tickCallback (internal/process/next_tick.js:104:9)</failure>

    
    </testcase>
      <system-err>
         ERROR: Unable to locate element: &quot;.unimatrix-video-controls-indicator &gt; .unimatrix-video-controls-indicator-icon&quot; using: css selector
 ERROR: Unable to locate element: &quot;.unimatrix-video-control-bar&quot; using: css selector
 ERROR: Unable to locate element: &quot;.unimatrix-video-sharing-button&quot; using: css selector
 ERROR: Unable to locate element: &quot;.unimatrix-video-sharing-video-title&quot; using: css selector
 ERROR: Unable to locate element: &quot;.unimatrix-video-controls-indicator &gt; .unimatrix-video-controls-indicator-icon&quot; using: css selector
 ERROR: Unable to locate element: &quot;.unimatrix-video-control-bar&quot; using: css selector
 ERROR: Unable to locate element: &quot;.unimatrix-video-sharing-button&quot; using: css selector
 ERROR: Unable to locate element: &quot;.unimatrix-video-sharing-video-title&quot; using: css selector
 ERROR: Unable to locate element: &quot;.unimatrix-video-controls-indicator &gt; .unimatrix-video-controls-indicator-icon&quot; using: css selector
 ERROR: Unable to locate element: &quot;.unimatrix-video-control-bar&quot; using: css selector
 ERROR: Unable to locate element: &quot;.unimatrix-video-sharing-button&quot; using: css selector
 ERROR: Unable to locate element: &quot;.unimatrix-video-controls-indicator &gt; .unimatrix-video-controls-indicator-icon&quot; using: css selector
 ERROR: Unable to locate element: &quot;.unimatrix-video-control-bar&quot; using: css selector
 ERROR: Unable to locate element: &quot;.unimatrix-video-sharing-button&quot; using: css selector
 ERROR: Unable to locate element: &quot;.unimatrix-video-sharing-video-title&quot; using: css selector
 ERROR: Unable to locate element: &quot;.unimatrix-video-controls-indicator &gt; .unimatrix-video-controls-indicator-icon&quot; using: css selector
 ERROR: Unable to locate element: &quot;.unimatrix-video-control-bar&quot; using: css selector
 ERROR: Unable to locate element: &quot;.unimatrix-video-sharing-button&quot; using: css selector
      </system-err>
  
  
  </testsuite>
</testsuites>
